Analysis & Synthesis report for lab8
Tue Mar 18 23:58:23 2014
Quartus II 64-Bit Version 13.0.0 Build 156 04/24/2013 SJ Web Edition


---------------------
; Table of Contents ;
---------------------
  1. Legal Notice
  2. Analysis & Synthesis Summary
  3. Analysis & Synthesis Settings
  4. Parallel Compilation
  5. Analysis & Synthesis Source Files Read
  6. Analysis & Synthesis Resource Usage Summary
  7. Analysis & Synthesis Resource Utilization by Entity
  8. Analysis & Synthesis DSP Block Usage Summary
  9. State Machine - |lab8|keyboard:inst1|keyMap:inst3|state
 10. User-Specified and Inferred Latches
 11. Registers Removed During Synthesis
 12. General Register Statistics
 13. Inverted Register Statistics
 14. Parameter Settings for Inferred Entity Instance: BouncingBall:inst|Color_Mapper:Color_instance|lpm_mult:Mult1
 15. Parameter Settings for Inferred Entity Instance: BouncingBall:inst|Color_Mapper:Color_instance|lpm_mult:Mult0
 16. lpm_mult Parameter Settings by Entity Instance
 17. Elapsed Time Per Partition
 18. Analysis & Synthesis Messages



----------------
; Legal Notice ;
----------------
Copyright (C) 1991-2013 Altera Corporation
Your use of Altera Corporation's design tools, logic functions 
and other software and tools, and its AMPP partner logic 
functions, and any output files from any of the foregoing 
(including device programming or simulation files), and any 
associated documentation or information are expressly subject 
to the terms and conditions of the Altera Program License 
Subscription Agreement, Altera MegaCore Function License 
Agreement, or other applicable license agreement, including, 
without limitation, that your use is for the sole purpose of 
programming logic devices manufactured by Altera and sold by 
Altera or its authorized distributors.  Please refer to the 
applicable agreement for further details.



+---------------------------------------------------------------------------------+
; Analysis & Synthesis Summary                                                    ;
+------------------------------------+--------------------------------------------+
; Analysis & Synthesis Status        ; Successful - Tue Mar 18 23:58:23 2014      ;
; Quartus II 64-Bit Version          ; 13.0.0 Build 156 04/24/2013 SJ Web Edition ;
; Revision Name                      ; lab8                                       ;
; Top-level Entity Name              ; lab8                                       ;
; Family                             ; Cyclone II                                 ;
; Total logic elements               ; 300                                        ;
;     Total combinational functions  ; 280                                        ;
;     Dedicated logic registers      ; 97                                         ;
; Total registers                    ; 97                                         ;
; Total pins                         ; 67                                         ;
; Total virtual pins                 ; 0                                          ;
; Total memory bits                  ; 0                                          ;
; Embedded Multiplier 9-bit elements ; 4                                          ;
; Total PLLs                         ; 0                                          ;
+------------------------------------+--------------------------------------------+


+----------------------------------------------------------------------------------------------------------------------+
; Analysis & Synthesis Settings                                                                                        ;
+----------------------------------------------------------------------------+--------------------+--------------------+
; Option                                                                     ; Setting            ; Default Value      ;
+----------------------------------------------------------------------------+--------------------+--------------------+
; Device                                                                     ; EP2C35F672C6       ;                    ;
; Top-level entity name                                                      ; lab8               ; lab8               ;
; Family name                                                                ; Cyclone II         ; Cyclone IV GX      ;
; Use smart compilation                                                      ; Off                ; Off                ;
; Enable parallel Assembler and TimeQuest Timing Analyzer during compilation ; On                 ; On                 ;
; Enable compact report table                                                ; Off                ; Off                ;
; Restructure Multiplexers                                                   ; Auto               ; Auto               ;
; Create Debugging Nodes for IP Cores                                        ; Off                ; Off                ;
; Preserve fewer node names                                                  ; On                 ; On                 ;
; Disable OpenCore Plus hardware evaluation                                  ; Off                ; Off                ;
; Verilog Version                                                            ; Verilog_2001       ; Verilog_2001       ;
; VHDL Version                                                               ; VHDL_1993          ; VHDL_1993          ;
; State Machine Processing                                                   ; Auto               ; Auto               ;
; Safe State Machine                                                         ; Off                ; Off                ;
; Extract Verilog State Machines                                             ; On                 ; On                 ;
; Extract VHDL State Machines                                                ; On                 ; On                 ;
; Ignore Verilog initial constructs                                          ; Off                ; Off                ;
; Iteration limit for constant Verilog loops                                 ; 5000               ; 5000               ;
; Iteration limit for non-constant Verilog loops                             ; 250                ; 250                ;
; Add Pass-Through Logic to Inferred RAMs                                    ; On                 ; On                 ;
; Infer RAMs from Raw Logic                                                  ; On                 ; On                 ;
; Parallel Synthesis                                                         ; On                 ; On                 ;
; DSP Block Balancing                                                        ; Auto               ; Auto               ;
; NOT Gate Push-Back                                                         ; On                 ; On                 ;
; Power-Up Don't Care                                                        ; On                 ; On                 ;
; Remove Redundant Logic Cells                                               ; Off                ; Off                ;
; Remove Duplicate Registers                                                 ; On                 ; On                 ;
; Ignore CARRY Buffers                                                       ; Off                ; Off                ;
; Ignore CASCADE Buffers                                                     ; Off                ; Off                ;
; Ignore GLOBAL Buffers                                                      ; Off                ; Off                ;
; Ignore ROW GLOBAL Buffers                                                  ; Off                ; Off                ;
; Ignore LCELL Buffers                                                       ; Off                ; Off                ;
; Ignore SOFT Buffers                                                        ; On                 ; On                 ;
; Limit AHDL Integers to 32 Bits                                             ; Off                ; Off                ;
; Optimization Technique                                                     ; Balanced           ; Balanced           ;
; Carry Chain Length                                                         ; 70                 ; 70                 ;
; Auto Carry Chains                                                          ; On                 ; On                 ;
; Auto Open-Drain Pins                                                       ; On                 ; On                 ;
; Perform WYSIWYG Primitive Resynthesis                                      ; Off                ; Off                ;
; Auto ROM Replacement                                                       ; On                 ; On                 ;
; Auto RAM Replacement                                                       ; On                 ; On                 ;
; Auto Shift Register Replacement                                            ; Auto               ; Auto               ;
; Allow Shift Register Merging across Hierarchies                            ; Auto               ; Auto               ;
; Auto Clock Enable Replacement                                              ; On                 ; On                 ;
; Strict RAM Replacement                                                     ; Off                ; Off                ;
; Allow Synchronous Control Signals                                          ; On                 ; On                 ;
; Force Use of Synchronous Clear Signals                                     ; Off                ; Off                ;
; Auto RAM to Logic Cell Conversion                                          ; Off                ; Off                ;
; Auto Resource Sharing                                                      ; Off                ; Off                ;
; Allow Any RAM Size For Recognition                                         ; Off                ; Off                ;
; Allow Any ROM Size For Recognition                                         ; Off                ; Off                ;
; Allow Any Shift Register Size For Recognition                              ; Off                ; Off                ;
; Use LogicLock Constraints during Resource Balancing                        ; On                 ; On                 ;
; Ignore translate_off and synthesis_off directives                          ; Off                ; Off                ;
; Timing-Driven Synthesis                                                    ; Off                ; Off                ;
; Report Parameter Settings                                                  ; On                 ; On                 ;
; Report Source Assignments                                                  ; On                 ; On                 ;
; Report Connectivity Checks                                                 ; On                 ; On                 ;
; Ignore Maximum Fan-Out Assignments                                         ; Off                ; Off                ;
; Synchronization Register Chain Length                                      ; 2                  ; 2                  ;
; PowerPlay Power Optimization                                               ; Normal compilation ; Normal compilation ;
; HDL message level                                                          ; Level2             ; Level2             ;
; Suppress Register Optimization Related Messages                            ; Off                ; Off                ;
; Number of Removed Registers Reported in Synthesis Report                   ; 5000               ; 5000               ;
; Number of Swept Nodes Reported in Synthesis Report                         ; 5000               ; 5000               ;
; Number of Inverted Registers Reported in Synthesis Report                  ; 100                ; 100                ;
; Clock MUX Protection                                                       ; On                 ; On                 ;
; Auto Gated Clock Conversion                                                ; Off                ; Off                ;
; Block Design Naming                                                        ; Auto               ; Auto               ;
; SDC constraint protection                                                  ; Off                ; Off                ;
; Synthesis Effort                                                           ; Auto               ; Auto               ;
; Shift Register Replacement - Allow Asynchronous Clear Signal               ; On                 ; On                 ;
; Pre-Mapping Resynthesis Optimization                                       ; Off                ; Off                ;
; Analysis & Synthesis Message Level                                         ; Medium             ; Medium             ;
; Disable Register Merging Across Hierarchies                                ; Auto               ; Auto               ;
; Resource Aware Inference For Block RAM                                     ; On                 ; On                 ;
; Synthesis Seed                                                             ; 1                  ; 1                  ;
+----------------------------------------------------------------------------+--------------------+--------------------+


Parallel compilation was disabled, but you have multiple processors available. Enable parallel compilation to reduce compilation time.
+-------------------------------------+
; Parallel Compilation                ;
+----------------------------+--------+
; Processors                 ; Number ;
+----------------------------+--------+
; Number detected on machine ; 8      ;
; Maximum allowed            ; 1      ;
+----------------------------+--------+


+--------------------------------------------------------------------------------------------------------------------------------------------------------------------+
; Analysis & Synthesis Source Files Read                                                                                                                             ;
+----------------------------------+-----------------+------------------------------------+----------------------------------------------------------------+---------+
; File Name with User-Entered Path ; Used in Netlist ; File Type                          ; File Name with Absolute Path                                   ; Library ;
+----------------------------------+-----------------+------------------------------------+----------------------------------------------------------------+---------+
; ../lab6/HexDriver.vhd            ; yes             ; User VHDL File                     ; E:/altera/13.0/lab6/HexDriver.vhd                              ;         ;
; VGA_controller.vhd               ; yes             ; User VHDL File                     ; E:/altera/13.0/lab9_vga_vhdl_Spring2014/VGA_controller.vhd     ;         ;
; Color_Mapper.vhd                 ; yes             ; User VHDL File                     ; E:/altera/13.0/lab9_vga_vhdl_Spring2014/Color_Mapper.vhd       ;         ;
; BouncingBall.vhd                 ; yes             ; User VHDL File                     ; E:/altera/13.0/lab9_vga_vhdl_Spring2014/BouncingBall.vhd       ;         ;
; ball.vhd                         ; yes             ; User VHDL File                     ; E:/altera/13.0/lab9_vga_vhdl_Spring2014/ball.vhd               ;         ;
; lab8.bdf                         ; yes             ; User Block Diagram/Schematic File  ; E:/altera/13.0/lab9_vga_vhdl_Spring2014/lab8.bdf               ;         ;
; dreg.vhd                         ; yes             ; User VHDL File                     ; E:/altera/13.0/lab9_vga_vhdl_Spring2014/dreg.vhd               ;         ;
; psclkSample.vhd                  ; yes             ; User VHDL File                     ; E:/altera/13.0/lab9_vga_vhdl_Spring2014/psclkSample.vhd        ;         ;
; clkDiv.vhd                       ; yes             ; User VHDL File                     ; E:/altera/13.0/lab9_vga_vhdl_Spring2014/clkDiv.vhd             ;         ;
; keyboard.bdf                     ; yes             ; User Block Diagram/Schematic File  ; E:/altera/13.0/lab9_vga_vhdl_Spring2014/keyboard.bdf           ;         ;
; keyCapt.vhd                      ; yes             ; User VHDL File                     ; E:/altera/13.0/lab9_vga_vhdl_Spring2014/keyCapt.vhd            ;         ;
; keymap.vhd                       ; yes             ; User VHDL File                     ; E:/altera/13.0/lab9_vga_vhdl_Spring2014/keymap.vhd             ;         ;
; lpm_mult.tdf                     ; yes             ; Megafunction                       ; e:/altera/13.0/quartus/libraries/megafunctions/lpm_mult.tdf    ;         ;
; aglobal130.inc                   ; yes             ; Megafunction                       ; e:/altera/13.0/quartus/libraries/megafunctions/aglobal130.inc  ;         ;
; lpm_add_sub.inc                  ; yes             ; Megafunction                       ; e:/altera/13.0/quartus/libraries/megafunctions/lpm_add_sub.inc ;         ;
; multcore.inc                     ; yes             ; Megafunction                       ; e:/altera/13.0/quartus/libraries/megafunctions/multcore.inc    ;         ;
; bypassff.inc                     ; yes             ; Megafunction                       ; e:/altera/13.0/quartus/libraries/megafunctions/bypassff.inc    ;         ;
; altshift.inc                     ; yes             ; Megafunction                       ; e:/altera/13.0/quartus/libraries/megafunctions/altshift.inc    ;         ;
; db/mult_31t.tdf                  ; yes             ; Auto-Generated Megafunction        ; E:/altera/13.0/lab9_vga_vhdl_Spring2014/db/mult_31t.tdf        ;         ;
+----------------------------------+-----------------+------------------------------------+----------------------------------------------------------------+---------+


+-----------------------------------------------------+
; Analysis & Synthesis Resource Usage Summary         ;
+---------------------------------------------+-------+
; Resource                                    ; Usage ;
+---------------------------------------------+-------+
; Estimated Total logic elements              ; 300   ;
;                                             ;       ;
; Total combinational functions               ; 280   ;
; Logic element usage by number of LUT inputs ;       ;
;     -- 4 input functions                    ; 117   ;
;     -- 3 input functions                    ; 80    ;
;     -- <=2 input functions                  ; 83    ;
;                                             ;       ;
; Logic elements by mode                      ;       ;
;     -- normal mode                          ; 174   ;
;     -- arithmetic mode                      ; 106   ;
;                                             ;       ;
; Total registers                             ; 97    ;
;     -- Dedicated logic registers            ; 97    ;
;     -- I/O registers                        ; 0     ;
;                                             ;       ;
; I/O pins                                    ; 67    ;
; Embedded Multiplier 9-bit elements          ; 4     ;
; Maximum fan-out node                        ; Reset ;
; Maximum fan-out                             ; 84    ;
; Total fan-out                               ; 1255  ;
; Average fan-out                             ; 2.80  ;
+---------------------------------------------+-------+


+-----------------------------------------------------------------------------------------------------------------------------------------------------------------------------------------------------------------------------------------------------------------+
; Analysis & Synthesis Resource Utilization by Entity                                                                                                                                                                                                             ;
+-----------------------------------------+-------------------+--------------+-------------+--------------+---------+-----------+------+--------------+--------------------------------------------------------------------------------------------+--------------+
; Compilation Hierarchy Node              ; LC Combinationals ; LC Registers ; Memory Bits ; DSP Elements ; DSP 9x9 ; DSP 18x18 ; Pins ; Virtual Pins ; Full Hierarchy Name                                                                        ; Library Name ;
+-----------------------------------------+-------------------+--------------+-------------+--------------+---------+-----------+------+--------------+--------------------------------------------------------------------------------------------+--------------+
; |lab8                                   ; 280 (0)           ; 97 (0)       ; 0           ; 4            ; 0       ; 2         ; 67   ; 0            ; |lab8                                                                                      ;              ;
;    |BouncingBall:inst|                  ; 204 (0)           ; 54 (0)       ; 0           ; 4            ; 0       ; 2         ; 0    ; 0            ; |lab8|BouncingBall:inst                                                                    ;              ;
;       |Color_Mapper:Color_instance|     ; 66 (66)           ; 0 (0)        ; 0           ; 4            ; 0       ; 2         ; 0    ; 0            ; |lab8|BouncingBall:inst|Color_Mapper:Color_instance                                        ;              ;
;          |lpm_mult:Mult0|               ; 0 (0)             ; 0 (0)        ; 0           ; 2            ; 0       ; 1         ; 0    ; 0            ; |lab8|BouncingBall:inst|Color_Mapper:Color_instance|lpm_mult:Mult0                         ;              ;
;             |mult_31t:auto_generated|   ; 0 (0)             ; 0 (0)        ; 0           ; 2            ; 0       ; 1         ; 0    ; 0            ; |lab8|BouncingBall:inst|Color_Mapper:Color_instance|lpm_mult:Mult0|mult_31t:auto_generated ;              ;
;          |lpm_mult:Mult1|               ; 0 (0)             ; 0 (0)        ; 0           ; 2            ; 0       ; 1         ; 0    ; 0            ; |lab8|BouncingBall:inst|Color_Mapper:Color_instance|lpm_mult:Mult1                         ;              ;
;             |mult_31t:auto_generated|   ; 0 (0)             ; 0 (0)        ; 0           ; 2            ; 0       ; 1         ; 0    ; 0            ; |lab8|BouncingBall:inst|Color_Mapper:Color_instance|lpm_mult:Mult1|mult_31t:auto_generated ;              ;
;       |ball:ball_instance|              ; 96 (96)           ; 31 (31)      ; 0           ; 0            ; 0       ; 0         ; 0    ; 0            ; |lab8|BouncingBall:inst|ball:ball_instance                                                 ;              ;
;       |vga_controller:vgaSync_instance| ; 42 (42)           ; 23 (23)      ; 0           ; 0            ; 0       ; 0         ; 0    ; 0            ; |lab8|BouncingBall:inst|vga_controller:vgaSync_instance                                    ;              ;
;    |HexDriver:inst2|                    ; 7 (7)             ; 0 (0)        ; 0           ; 0            ; 0       ; 0         ; 0    ; 0            ; |lab8|HexDriver:inst2                                                                      ;              ;
;    |HexDriver:inst3|                    ; 7 (7)             ; 0 (0)        ; 0           ; 0            ; 0       ; 0         ; 0    ; 0            ; |lab8|HexDriver:inst3                                                                      ;              ;
;    |HexDriver:inst4|                    ; 3 (3)             ; 0 (0)        ; 0           ; 0            ; 0       ; 0         ; 0    ; 0            ; |lab8|HexDriver:inst4                                                                      ;              ;
;    |HexDriver:inst5|                    ; 4 (4)             ; 0 (0)        ; 0           ; 0            ; 0       ; 0         ; 0    ; 0            ; |lab8|HexDriver:inst5                                                                      ;              ;
;    |keyboard:inst1|                     ; 55 (0)            ; 43 (0)       ; 0           ; 0            ; 0       ; 0         ; 0    ; 0            ; |lab8|keyboard:inst1                                                                       ;              ;
;       |clkDiv:inst|                     ; 11 (11)           ; 9 (9)        ; 0           ; 0            ; 0       ; 0         ; 0    ; 0            ; |lab8|keyboard:inst1|clkDiv:inst                                                           ;              ;
;       |keyCapture:ins3t|                ; 8 (8)             ; 22 (22)      ; 0           ; 0            ; 0       ; 0         ; 0    ; 0            ; |lab8|keyboard:inst1|keyCapture:ins3t                                                      ;              ;
;       |keyMap:inst3|                    ; 35 (35)           ; 10 (10)      ; 0           ; 0            ; 0       ; 0         ; 0    ; 0            ; |lab8|keyboard:inst1|keyMap:inst3                                                          ;              ;
;       |psclk:inst2|                     ; 1 (1)             ; 2 (0)        ; 0           ; 0            ; 0       ; 0         ; 0    ; 0            ; |lab8|keyboard:inst1|psclk:inst2                                                           ;              ;
;          |Dreg:reg1|                    ; 0 (0)             ; 1 (1)        ; 0           ; 0            ; 0       ; 0         ; 0    ; 0            ; |lab8|keyboard:inst1|psclk:inst2|Dreg:reg1                                                 ;              ;
;          |Dreg:reg2|                    ; 0 (0)             ; 1 (1)        ; 0           ; 0            ; 0       ; 0         ; 0    ; 0            ; |lab8|keyboard:inst1|psclk:inst2|Dreg:reg2                                                 ;              ;
+-----------------------------------------+-------------------+--------------+-------------+--------------+---------+-----------+------+--------------+--------------------------------------------------------------------------------------------+--------------+
Note: For table entries with two numbers listed, the numbers in parentheses indicate the number of resources of the given type used by the specific entity alone. The numbers listed outside of parentheses indicate the total resources of the given type used by the specific entity and all of its sub-entities in the hierarchy.


+-----------------------------------------------------+
; Analysis & Synthesis DSP Block Usage Summary        ;
+---------------------------------------+-------------+
; Statistic                             ; Number Used ;
+---------------------------------------+-------------+
; Simple Multipliers (9-bit)            ; 0           ;
; Simple Multipliers (18-bit)           ; 2           ;
; Embedded Multiplier Blocks            ; --          ;
; Embedded Multiplier 9-bit elements    ; 4           ;
; Signed Embedded Multipliers           ; 2           ;
; Unsigned Embedded Multipliers         ; 0           ;
; Mixed Sign Embedded Multipliers       ; 0           ;
; Variable Sign Embedded Multipliers    ; 0           ;
; Dedicated Input Shift Register Chains ; 0           ;
+---------------------------------------+-------------+
Note: number of Embedded Multiplier Blocks used is only available after a successful fit.


Encoding Type:  One-Hot
+---------------------------------------------------------------------------------------------------------------------+
; State Machine - |lab8|keyboard:inst1|keyMap:inst3|state                                                             ;
+------------+------------+------------+------------+------------+---------+---------+---------+---------+------------+
; Name       ; state.dEnd ; state.sEnd ; state.aEnd ; state.wEnd ; state.d ; state.s ; state.a ; state.w ; state.idle ;
+------------+------------+------------+------------+------------+---------+---------+---------+---------+------------+
; state.idle ; 0          ; 0          ; 0          ; 0          ; 0       ; 0       ; 0       ; 0       ; 0          ;
; state.w    ; 0          ; 0          ; 0          ; 0          ; 0       ; 0       ; 0       ; 1       ; 1          ;
; state.a    ; 0          ; 0          ; 0          ; 0          ; 0       ; 0       ; 1       ; 0       ; 1          ;
; state.s    ; 0          ; 0          ; 0          ; 0          ; 0       ; 1       ; 0       ; 0       ; 1          ;
; state.d    ; 0          ; 0          ; 0          ; 0          ; 1       ; 0       ; 0       ; 0       ; 1          ;
; state.wEnd ; 0          ; 0          ; 0          ; 1          ; 0       ; 0       ; 0       ; 0       ; 1          ;
; state.aEnd ; 0          ; 0          ; 1          ; 0          ; 0       ; 0       ; 0       ; 0       ; 1          ;
; state.sEnd ; 0          ; 1          ; 0          ; 0          ; 0       ; 0       ; 0       ; 0       ; 1          ;
; state.dEnd ; 1          ; 0          ; 0          ; 0          ; 0       ; 0       ; 0       ; 0       ; 1          ;
+------------+------------+------------+------------+------------+---------+---------+---------+---------+------------+


+---------------------------------------------------------------------------------------------------+
; User-Specified and Inferred Latches                                                               ;
+----------------------------------------------------+---------------------+------------------------+
; Latch Name                                         ; Latch Enable Signal ; Free of Timing Hazards ;
+----------------------------------------------------+---------------------+------------------------+
; keyboard:inst1|keyCapture:ins3t|keyReady           ; GND                 ; yes                    ;
; Number of user-specified and inferred latches = 1  ;                     ;                        ;
+----------------------------------------------------+---------------------+------------------------+
Note: All latches listed above may not be present at the end of synthesis due to various synthesis optimizations.


+------------------------------------------------------------------------------------------------------------------------------+
; Registers Removed During Synthesis                                                                                           ;
+----------------------------------------------------------+-------------------------------------------------------------------+
; Register name                                            ; Reason for Removal                                                ;
+----------------------------------------------------------+-------------------------------------------------------------------+
; BouncingBall:inst|ball:ball_instance|dataBuff[6,7]       ; Stuck at GND due to stuck port data_in                            ;
; keyboard:inst1|keyMap:inst3|keyAckout                    ; Merged with keyboard:inst1|keyMap:inst3|key                       ;
; BouncingBall:inst|ball:ball_instance|dataReady           ; Merged with BouncingBall:inst|ball:ball_instance|keyAck           ;
; BouncingBall:inst|ball:ball_instance|Ball_Y_motion[1..8] ; Merged with BouncingBall:inst|ball:ball_instance|Ball_Y_motion[9] ;
; BouncingBall:inst|ball:ball_instance|Ball_X_motion[1..8] ; Merged with BouncingBall:inst|ball:ball_instance|Ball_X_motion[9] ;
; BouncingBall:inst|ball:ball_instance|dataBuff[4]         ; Merged with BouncingBall:inst|ball:ball_instance|dataBuff[3]      ;
; Total Number of Removed Registers = 21                   ;                                                                   ;
+----------------------------------------------------------+-------------------------------------------------------------------+


+------------------------------------------------------+
; General Register Statistics                          ;
+----------------------------------------------+-------+
; Statistic                                    ; Value ;
+----------------------------------------------+-------+
; Total registers                              ; 97    ;
; Number of registers using Synchronous Clear  ; 0     ;
; Number of registers using Synchronous Load   ; 0     ;
; Number of registers using Asynchronous Clear ; 78    ;
; Number of registers using Asynchronous Load  ; 0     ;
; Number of registers using Clock Enable       ; 38    ;
; Number of registers using Preset             ; 0     ;
+----------------------------------------------+-------+


+-----------------------------------------------------------------+
; Inverted Register Statistics                                    ;
+-------------------------------------------------------+---------+
; Inverted Register                                     ; Fan out ;
+-------------------------------------------------------+---------+
; BouncingBall:inst|ball:ball_instance|Ball_Y_pos[4]    ; 4       ;
; BouncingBall:inst|ball:ball_instance|Ball_Y_pos[5]    ; 4       ;
; BouncingBall:inst|ball:ball_instance|Ball_Y_pos[6]    ; 4       ;
; BouncingBall:inst|ball:ball_instance|Ball_Y_pos[7]    ; 4       ;
; BouncingBall:inst|ball:ball_instance|Ball_X_pos[6]    ; 4       ;
; BouncingBall:inst|ball:ball_instance|Ball_X_pos[8]    ; 4       ;
; BouncingBall:inst|ball:ball_instance|Ball_X_motion[0] ; 4       ;
; BouncingBall:inst|ball:ball_instance|keyAck           ; 15      ;
; Total number of inverted registers = 8                ;         ;
+-------------------------------------------------------+---------+


+---------------------------------------------------------------------------------------------------------------+
; Parameter Settings for Inferred Entity Instance: BouncingBall:inst|Color_Mapper:Color_instance|lpm_mult:Mult1 ;
+------------------------------------------------+------------+-------------------------------------------------+
; Parameter Name                                 ; Value      ; Type                                            ;
+------------------------------------------------+------------+-------------------------------------------------+
; AUTO_CARRY_CHAINS                              ; ON         ; AUTO_CARRY                                      ;
; IGNORE_CARRY_BUFFERS                           ; OFF        ; IGNORE_CARRY                                    ;
; AUTO_CASCADE_CHAINS                            ; ON         ; AUTO_CASCADE                                    ;
; IGNORE_CASCADE_BUFFERS                         ; OFF        ; IGNORE_CASCADE                                  ;
; LPM_WIDTHA                                     ; 10         ; Untyped                                         ;
; LPM_WIDTHB                                     ; 10         ; Untyped                                         ;
; LPM_WIDTHP                                     ; 20         ; Untyped                                         ;
; LPM_WIDTHR                                     ; 20         ; Untyped                                         ;
; LPM_WIDTHS                                     ; 1          ; Untyped                                         ;
; LPM_REPRESENTATION                             ; SIGNED     ; Untyped                                         ;
; LPM_PIPELINE                                   ; 0          ; Untyped                                         ;
; LATENCY                                        ; 0          ; Untyped                                         ;
; INPUT_A_IS_CONSTANT                            ; NO         ; Untyped                                         ;
; INPUT_B_IS_CONSTANT                            ; NO         ; Untyped                                         ;
; USE_EAB                                        ; OFF        ; Untyped                                         ;
; MAXIMIZE_SPEED                                 ; 6          ; Untyped                                         ;
; DEVICE_FAMILY                                  ; Cyclone II ; Untyped                                         ;
; CARRY_CHAIN                                    ; MANUAL     ; Untyped                                         ;
; APEX20K_TECHNOLOGY_MAPPER                      ; LUT        ; TECH_MAPPER_APEX20K                             ;
; DEDICATED_MULTIPLIER_CIRCUITRY                 ; AUTO       ; Untyped                                         ;
; DEDICATED_MULTIPLIER_MIN_INPUT_WIDTH_FOR_AUTO  ; 0          ; Untyped                                         ;
; DEDICATED_MULTIPLIER_MIN_OUTPUT_WIDTH_FOR_AUTO ; 0          ; Untyped                                         ;
; CBXI_PARAMETER                                 ; mult_31t   ; Untyped                                         ;
; INPUT_A_FIXED_VALUE                            ; Bx         ; Untyped                                         ;
; INPUT_B_FIXED_VALUE                            ; Bx         ; Untyped                                         ;
; USE_AHDL_IMPLEMENTATION                        ; OFF        ; Untyped                                         ;
+------------------------------------------------+------------+-------------------------------------------------+
Note: In order to hide this table in the UI and the text report file, please set the "Show Parameter Settings in Synthesis Report" option in "Analysis and Synthesis Settings -> More Settings" to "Off".


+---------------------------------------------------------------------------------------------------------------+
; Parameter Settings for Inferred Entity Instance: BouncingBall:inst|Color_Mapper:Color_instance|lpm_mult:Mult0 ;
+------------------------------------------------+------------+-------------------------------------------------+
; Parameter Name                                 ; Value      ; Type                                            ;
+------------------------------------------------+------------+-------------------------------------------------+
; AUTO_CARRY_CHAINS                              ; ON         ; AUTO_CARRY                                      ;
; IGNORE_CARRY_BUFFERS                           ; OFF        ; IGNORE_CARRY                                    ;
; AUTO_CASCADE_CHAINS                            ; ON         ; AUTO_CASCADE                                    ;
; IGNORE_CASCADE_BUFFERS                         ; OFF        ; IGNORE_CASCADE                                  ;
; LPM_WIDTHA                                     ; 10         ; Untyped                                         ;
; LPM_WIDTHB                                     ; 10         ; Untyped                                         ;
; LPM_WIDTHP                                     ; 20         ; Untyped                                         ;
; LPM_WIDTHR                                     ; 20         ; Untyped                                         ;
; LPM_WIDTHS                                     ; 1          ; Untyped                                         ;
; LPM_REPRESENTATION                             ; SIGNED     ; Untyped                                         ;
; LPM_PIPELINE                                   ; 0          ; Untyped                                         ;
; LATENCY                                        ; 0          ; Untyped                                         ;
; INPUT_A_IS_CONSTANT                            ; NO         ; Untyped                                         ;
; INPUT_B_IS_CONSTANT                            ; NO         ; Untyped                                         ;
; USE_EAB                                        ; OFF        ; Untyped                                         ;
; MAXIMIZE_SPEED                                 ; 6          ; Untyped                                         ;
; DEVICE_FAMILY                                  ; Cyclone II ; Untyped                                         ;
; CARRY_CHAIN                                    ; MANUAL     ; Untyped                                         ;
; APEX20K_TECHNOLOGY_MAPPER                      ; LUT        ; TECH_MAPPER_APEX20K                             ;
; DEDICATED_MULTIPLIER_CIRCUITRY                 ; AUTO       ; Untyped                                         ;
; DEDICATED_MULTIPLIER_MIN_INPUT_WIDTH_FOR_AUTO  ; 0          ; Untyped                                         ;
; DEDICATED_MULTIPLIER_MIN_OUTPUT_WIDTH_FOR_AUTO ; 0          ; Untyped                                         ;
; CBXI_PARAMETER                                 ; mult_31t   ; Untyped                                         ;
; INPUT_A_FIXED_VALUE                            ; Bx         ; Untyped                                         ;
; INPUT_B_FIXED_VALUE                            ; Bx         ; Untyped                                         ;
; USE_AHDL_IMPLEMENTATION                        ; OFF        ; Untyped                                         ;
+------------------------------------------------+------------+-------------------------------------------------+
Note: In order to hide this table in the UI and the text report file, please set the "Show Parameter Settings in Synthesis Report" option in "Analysis and Synthesis Settings -> More Settings" to "Off".


+------------------------------------------------------------------------------------------------------+
; lpm_mult Parameter Settings by Entity Instance                                                       ;
+---------------------------------------+--------------------------------------------------------------+
; Name                                  ; Value                                                        ;
+---------------------------------------+--------------------------------------------------------------+
; Number of entity instances            ; 2                                                            ;
; Entity Instance                       ; BouncingBall:inst|Color_Mapper:Color_instance|lpm_mult:Mult1 ;
;     -- LPM_WIDTHA                     ; 10                                                           ;
;     -- LPM_WIDTHB                     ; 10                                                           ;
;     -- LPM_WIDTHP                     ; 20                                                           ;
;     -- LPM_REPRESENTATION             ; SIGNED                                                       ;
;     -- INPUT_A_IS_CONSTANT            ; NO                                                           ;
;     -- INPUT_B_IS_CONSTANT            ; NO                                                           ;
;     -- USE_EAB                        ; OFF                                                          ;
;     -- DEDICATED_MULTIPLIER_CIRCUITRY ; AUTO                                                         ;
;     -- INPUT_A_FIXED_VALUE            ; Bx                                                           ;
;     -- INPUT_B_FIXED_VALUE            ; Bx                                                           ;
; Entity Instance                       ; BouncingBall:inst|Color_Mapper:Color_instance|lpm_mult:Mult0 ;
;     -- LPM_WIDTHA                     ; 10                                                           ;
;     -- LPM_WIDTHB                     ; 10                                                           ;
;     -- LPM_WIDTHP                     ; 20                                                           ;
;     -- LPM_REPRESENTATION             ; SIGNED                                                       ;
;     -- INPUT_A_IS_CONSTANT            ; NO                                                           ;
;     -- INPUT_B_IS_CONSTANT            ; NO                                                           ;
;     -- USE_EAB                        ; OFF                                                          ;
;     -- DEDICATED_MULTIPLIER_CIRCUITRY ; AUTO                                                         ;
;     -- INPUT_A_FIXED_VALUE            ; Bx                                                           ;
;     -- INPUT_B_FIXED_VALUE            ; Bx                                                           ;
+---------------------------------------+--------------------------------------------------------------+


+-------------------------------+
; Elapsed Time Per Partition    ;
+----------------+--------------+
; Partition Name ; Elapsed Time ;
+----------------+--------------+
; Top            ; 00:00:01     ;
+----------------+--------------+


+-------------------------------+
; Analysis & Synthesis Messages ;
+-------------------------------+
Info: *******************************************************************
Info: Running Quartus II 64-Bit Analysis & Synthesis
    Info: Version 13.0.0 Build 156 04/24/2013 SJ Web Edition
    Info: Processing started: Tue Mar 18 23:58:21 2014
Info: Command: quartus_map --read_settings_files=on --write_settings_files=off lab8 -c lab8
Warning (20028): Parallel compilation is not licensed and has been disabled
Info (12021): Found 2 design units, including 1 entities, in source file /altera/13.0/lab6/hexdriver.vhd
    Info (12022): Found design unit 1: HexDriver-Behavioral
    Info (12023): Found entity 1: HexDriver
Info (12021): Found 2 design units, including 1 entities, in source file vga_controller.vhd
    Info (12022): Found design unit 1: vga_controller-Behavioral
    Info (12023): Found entity 1: vga_controller
Info (12021): Found 2 design units, including 1 entities, in source file color_mapper.vhd
    Info (12022): Found design unit 1: Color_Mapper-Behavioral
    Info (12023): Found entity 1: Color_Mapper
Info (12021): Found 2 design units, including 1 entities, in source file bouncingball.vhd
    Info (12022): Found design unit 1: BouncingBall-Behavioral
    Info (12023): Found entity 1: BouncingBall
Info (12021): Found 2 design units, including 1 entities, in source file ball.vhd
    Info (12022): Found design unit 1: ball-Behavioral
    Info (12023): Found entity 1: ball
Info (12021): Found 1 design units, including 1 entities, in source file lab8.bdf
    Info (12023): Found entity 1: lab8
Info (12021): Found 2 design units, including 1 entities, in source file dreg.vhd
    Info (12022): Found design unit 1: Dreg-Behavioral
    Info (12023): Found entity 1: Dreg
Info (12021): Found 2 design units, including 1 entities, in source file psclksample.vhd
    Info (12022): Found design unit 1: psclk-Behavioral
    Info (12023): Found entity 1: psclk
Info (12021): Found 2 design units, including 1 entities, in source file clkdiv.vhd
    Info (12022): Found design unit 1: clkDiv-Behavioral
    Info (12023): Found entity 1: clkDiv
Info (12021): Found 1 design units, including 1 entities, in source file keyboard.bdf
    Info (12023): Found entity 1: keyboard
Info (12021): Found 2 design units, including 1 entities, in source file keycapt.vhd
    Info (12022): Found design unit 1: keyCapture-Behavioral
    Info (12023): Found entity 1: keyCapture
Info (12021): Found 2 design units, including 1 entities, in source file keymap.vhd
    Info (12022): Found design unit 1: keyMap-Behavioral
    Info (12023): Found entity 1: keyMap
Info (12127): Elaborating entity "lab8" for the top level hierarchy
Info (12128): Elaborating entity "BouncingBall" for hierarchy "BouncingBall:inst"
Info (12128): Elaborating entity "vga_controller" for hierarchy "BouncingBall:inst|vga_controller:vgaSync_instance"
Info (12128): Elaborating entity "ball" for hierarchy "BouncingBall:inst|ball:ball_instance"
Info (12128): Elaborating entity "Color_Mapper" for hierarchy "BouncingBall:inst|Color_Mapper:Color_instance"
Info (12128): Elaborating entity "keyboard" for hierarchy "keyboard:inst1"
Info (12128): Elaborating entity "keyMap" for hierarchy "keyboard:inst1|keyMap:inst3"
Warning (10492): VHDL Process Statement warning at keymap.vhd(28): signal "key" is read inside the Process Statement but isn't in the Process Statement's sensitivity list
Info (12128): Elaborating entity "clkDiv" for hierarchy "keyboard:inst1|clkDiv:inst"
Info (12128): Elaborating entity "keyCapture" for hierarchy "keyboard:inst1|keyCapture:ins3t"
Warning (10492): VHDL Process Statement warning at keyCapt.vhd(35): signal "keyRed" is read inside the Process Statement but isn't in the Process Statement's sensitivity list
Warning (10492): VHDL Process Statement warning at keyCapt.vhd(38): signal "keyAck" is read inside the Process Statement but isn't in the Process Statement's sensitivity list
Warning (10631): VHDL Process Statement warning at keyCapt.vhd(18): inferring latch(es) for signal or variable "keyReady", which holds its previous value in one or more paths through the process
Info (10041): Inferred latch for "keyReady" at keyCapt.vhd(18)
Info (12128): Elaborating entity "psclk" for hierarchy "keyboard:inst1|psclk:inst2"
Info (12128): Elaborating entity "Dreg" for hierarchy "keyboard:inst1|psclk:inst2|Dreg:reg1"
Info (12128): Elaborating entity "HexDriver" for hierarchy "HexDriver:inst3"
Info (278001): Inferred 2 megafunctions from design logic
    Info (278003): Inferred multiplier megafunction ("lpm_mult") from the following logic: "BouncingBall:inst|Color_Mapper:Color_instance|Mult1"
    Info (278003): Inferred multiplier megafunction ("lpm_mult") from the following logic: "BouncingBall:inst|Color_Mapper:Color_instance|Mult0"
Info (12130): Elaborated megafunction instantiation "BouncingBall:inst|Color_Mapper:Color_instance|lpm_mult:Mult1"
Info (12133): Instantiated megafunction "BouncingBall:inst|Color_Mapper:Color_instance|lpm_mult:Mult1" with the following parameter:
    Info (12134): Parameter "LPM_WIDTHA" = "10"
    Info (12134): Parameter "LPM_WIDTHB" = "10"
    Info (12134): Parameter "LPM_WIDTHP" = "20"
    Info (12134): Parameter "LPM_WIDTHR" = "20"
    Info (12134): Parameter "LPM_WIDTHS" = "1"
    Info (12134): Parameter "LPM_REPRESENTATION" = "SIGNED"
    Info (12134): Parameter "INPUT_A_IS_CONSTANT" = "NO"
    Info (12134): Parameter "INPUT_B_IS_CONSTANT" = "NO"
    Info (12134): Parameter "MAXIMIZE_SPEED" = "6"
Info (12021): Found 1 design units, including 1 entities, in source file db/mult_31t.tdf
    Info (12023): Found entity 1: mult_31t
Info (13000): Registers with preset signals will power-up high
Info (13003): DEV_CLRn pin will set, and not reset, register with preset signal due to NOT Gate Push-Back
Warning (13024): Output pins are stuck at VCC or GND
    Warning (13410): Pin "sync" is stuck at GND
    Warning (13410): Pin "keyh[1]" is stuck at GND
    Warning (13410): Pin "keyl[3]" is stuck at GND
Info (16010): Generating hard_block partition "hard_block:auto_generated_inst"
    Info (16011): Adding 0 node(s), including 0 DDIO, 0 PLL, 0 transceiver and 0 LCELL
Info (21057): Implemented 384 device resources after synthesis - the final resource count might be different
    Info (21058): Implemented 4 input pins
    Info (21059): Implemented 63 output pins
    Info (21061): Implemented 313 logic cells
    Info (21062): Implemented 4 DSP elements
Info: Quartus II 64-Bit Analysis & Synthesis was successful. 0 errors, 9 warnings
    Info: Peak virtual memory: 492 megabytes
    Info: Processing ended: Tue Mar 18 23:58:23 2014
    Info: Elapsed time: 00:00:02
    Info: Total CPU time (on all processors): 00:00:02


