Analysis & Synthesis report for 2048
Thu Apr 17 00:49:46 2014
Quartus II 64-Bit Version 13.0.0 Build 156 04/24/2013 SJ Web Edition


---------------------
; Table of Contents ;
---------------------
  1. Legal Notice
  2. Analysis & Synthesis Summary
  3. Analysis & Synthesis Settings
  4. Parallel Compilation
  5. Analysis & Synthesis Messages



----------------
; Legal Notice ;
----------------
Copyright (C) 1991-2013 Altera Corporation
Your use of Altera Corporation's design tools, logic functions 
and other software and tools, and its AMPP partner logic 
functions, and any output files from any of the foregoing 
(including device programming or simulation files), and any 
associated documentation or information are expressly subject 
to the terms and conditions of the Altera Program License 
Subscription Agreement, Altera MegaCore Function License 
Agreement, or other applicable license agreement, including, 
without limitation, that your use is for the sole purpose of 
programming logic devices manufactured by Altera and sold by 
Altera or its authorized distributors.  Please refer to the 
applicable agreement for further details.



+---------------------------------------------------------------------------------+
; Analysis & Synthesis Summary                                                    ;
+------------------------------------+--------------------------------------------+
; Analysis & Synthesis Status        ; Failed - Thu Apr 17 00:49:46 2014          ;
; Quartus II 64-Bit Version          ; 13.0.0 Build 156 04/24/2013 SJ Web Edition ;
; Revision Name                      ; 2048                                       ;
; Top-level Entity Name              ; 2048                                       ;
; Family                             ; Cyclone II                                 ;
; Total logic elements               ; N/A until Partition Merge                  ;
;     Total combinational functions  ; N/A until Partition Merge                  ;
;     Dedicated logic registers      ; N/A until Partition Merge                  ;
; Total registers                    ; N/A until Partition Merge                  ;
; Total pins                         ; N/A until Partition Merge                  ;
; Total virtual pins                 ; N/A until Partition Merge                  ;
; Total memory bits                  ; N/A until Partition Merge                  ;
; Embedded Multiplier 9-bit elements ; N/A until Partition Merge                  ;
; Total PLLs                         ; N/A until Partition Merge                  ;
+------------------------------------+--------------------------------------------+


+----------------------------------------------------------------------------------------------------------------------+
; Analysis & Synthesis Settings                                                                                        ;
+----------------------------------------------------------------------------+--------------------+--------------------+
; Option                                                                     ; Setting            ; Default Value      ;
+----------------------------------------------------------------------------+--------------------+--------------------+
; Device                                                                     ; EP2C35F672C6       ;                    ;
; Top-level entity name                                                      ; 2048               ; 2048               ;
; Family name                                                                ; Cyclone II         ; Cyclone IV GX      ;
; Use smart compilation                                                      ; Off                ; Off                ;
; Enable parallel Assembler and TimeQuest Timing Analyzer during compilation ; On                 ; On                 ;
; Enable compact report table                                                ; Off                ; Off                ;
; Restructure Multiplexers                                                   ; Auto               ; Auto               ;
; Create Debugging Nodes for IP Cores                                        ; Off                ; Off                ;
; Preserve fewer node names                                                  ; On                 ; On                 ;
; Disable OpenCore Plus hardware evaluation                                  ; Off                ; Off                ;
; Verilog Version                                                            ; Verilog_2001       ; Verilog_2001       ;
; VHDL Version                                                               ; VHDL_1993          ; VHDL_1993          ;
; State Machine Processing                                                   ; Auto               ; Auto               ;
; Safe State Machine                                                         ; Off                ; Off                ;
; Extract Verilog State Machines                                             ; On                 ; On                 ;
; Extract VHDL State Machines                                                ; On                 ; On                 ;
; Ignore Verilog initial constructs                                          ; Off                ; Off                ;
; Iteration limit for constant Verilog loops                                 ; 5000               ; 5000               ;
; Iteration limit for non-constant Verilog loops                             ; 250                ; 250                ;
; Add Pass-Through Logic to Inferred RAMs                                    ; On                 ; On                 ;
; Infer RAMs from Raw Logic                                                  ; On                 ; On                 ;
; Parallel Synthesis                                                         ; On                 ; On                 ;
; DSP Block Balancing                                                        ; Auto               ; Auto               ;
; NOT Gate Push-Back                                                         ; On                 ; On                 ;
; Power-Up Don't Care                                                        ; On                 ; On                 ;
; Remove Redundant Logic Cells                                               ; Off                ; Off                ;
; Remove Duplicate Registers                                                 ; On                 ; On                 ;
; Ignore CARRY Buffers                                                       ; Off                ; Off                ;
; Ignore CASCADE Buffers                                                     ; Off                ; Off                ;
; Ignore GLOBAL Buffers                                                      ; Off                ; Off                ;
; Ignore ROW GLOBAL Buffers                                                  ; Off                ; Off                ;
; Ignore LCELL Buffers                                                       ; Off                ; Off                ;
; Ignore SOFT Buffers                                                        ; On                 ; On                 ;
; Limit AHDL Integers to 32 Bits                                             ; Off                ; Off                ;
; Optimization Technique                                                     ; Balanced           ; Balanced           ;
; Carry Chain Length                                                         ; 70                 ; 70                 ;
; Auto Carry Chains                                                          ; On                 ; On                 ;
; Auto Open-Drain Pins                                                       ; On                 ; On                 ;
; Perform WYSIWYG Primitive Resynthesis                                      ; Off                ; Off                ;
; Auto ROM Replacement                                                       ; On                 ; On                 ;
; Auto RAM Replacement                                                       ; On                 ; On                 ;
; Auto Shift Register Replacement                                            ; Auto               ; Auto               ;
; Allow Shift Register Merging across Hierarchies                            ; Auto               ; Auto               ;
; Auto Clock Enable Replacement                                              ; On                 ; On                 ;
; Strict RAM Replacement                                                     ; Off                ; Off                ;
; Allow Synchronous Control Signals                                          ; On                 ; On                 ;
; Force Use of Synchronous Clear Signals                                     ; Off                ; Off                ;
; Auto RAM to Logic Cell Conversion                                          ; Off                ; Off                ;
; Auto Resource Sharing                                                      ; Off                ; Off                ;
; Allow Any RAM Size For Recognition                                         ; Off                ; Off                ;
; Allow Any ROM Size For Recognition                                         ; Off                ; Off                ;
; Allow Any Shift Register Size For Recognition                              ; Off                ; Off                ;
; Use LogicLock Constraints during Resource Balancing                        ; On                 ; On                 ;
; Ignore translate_off and synthesis_off directives                          ; Off                ; Off                ;
; Timing-Driven Synthesis                                                    ; Off                ; Off                ;
; Report Parameter Settings                                                  ; On                 ; On                 ;
; Report Source Assignments                                                  ; On                 ; On                 ;
; Report Connectivity Checks                                                 ; On                 ; On                 ;
; Ignore Maximum Fan-Out Assignments                                         ; Off                ; Off                ;
; Synchronization Register Chain Length                                      ; 2                  ; 2                  ;
; PowerPlay Power Optimization                                               ; Normal compilation ; Normal compilation ;
; HDL message level                                                          ; Level2             ; Level2             ;
; Suppress Register Optimization Related Messages                            ; Off                ; Off                ;
; Number of Removed Registers Reported in Synthesis Report                   ; 5000               ; 5000               ;
; Number of Swept Nodes Reported in Synthesis Report                         ; 5000               ; 5000               ;
; Number of Inverted Registers Reported in Synthesis Report                  ; 100                ; 100                ;
; Clock MUX Protection                                                       ; On                 ; On                 ;
; Auto Gated Clock Conversion                                                ; Off                ; Off                ;
; Block Design Naming                                                        ; Auto               ; Auto               ;
; SDC constraint protection                                                  ; Off                ; Off                ;
; Synthesis Effort                                                           ; Auto               ; Auto               ;
; Shift Register Replacement - Allow Asynchronous Clear Signal               ; On                 ; On                 ;
; Pre-Mapping Resynthesis Optimization                                       ; Off                ; Off                ;
; Analysis & Synthesis Message Level                                         ; Medium             ; Medium             ;
; Disable Register Merging Across Hierarchies                                ; Auto               ; Auto               ;
; Resource Aware Inference For Block RAM                                     ; On                 ; On                 ;
; Synthesis Seed                                                             ; 1                  ; 1                  ;
+----------------------------------------------------------------------------+--------------------+--------------------+


Parallel compilation was disabled, but you have multiple processors available. Enable parallel compilation to reduce compilation time.
+-------------------------------------+
; Parallel Compilation                ;
+----------------------------+--------+
; Processors                 ; Number ;
+----------------------------+--------+
; Number detected on machine ; 8      ;
; Maximum allowed            ; 1      ;
+----------------------------+--------+


+-------------------------------+
; Analysis & Synthesis Messages ;
+-------------------------------+
Info: *******************************************************************
Info: Running Quartus II 64-Bit Analysis & Synthesis
    Info: Version 13.0.0 Build 156 04/24/2013 SJ Web Edition
    Info: Processing started: Thu Apr 17 00:49:45 2014
Info: Command: quartus_map --read_settings_files=on --write_settings_files=off 2048 -c 2048
Warning (20028): Parallel compilation is not licensed and has been disabled
Info (12021): Found 2 design units, including 1 entities, in source file /documents/ece385/ece385/lab9_vga_vhdl_spring2014/dreg.vhd
    Info (12022): Found design unit 1: Dreg-Behavioral
    Info (12023): Found entity 1: Dreg
Info (12021): Found 2 design units, including 1 entities, in source file /documents/ece385/ece385/lab9_vga_vhdl_spring2014/psclksample.vhd
    Info (12022): Found design unit 1: psclk-Behavioral
    Info (12023): Found entity 1: psclk
Info (12021): Found 2 design units, including 1 entities, in source file /documents/ece385/ece385/lab9_vga_vhdl_spring2014/clkdiv.vhd
    Info (12022): Found design unit 1: clkDiv-Behavioral
    Info (12023): Found entity 1: clkDiv
Info (12021): Found 2 design units, including 1 entities, in source file /documents/ece385/ece385/lab9/hexdriver.vhd
    Info (12022): Found design unit 1: hexDriver-behavioral
    Info (12023): Found entity 1: hexDriver
Info (12021): Found 1 design units, including 1 entities, in source file /documents/ece385/ece385/lab9_vga_vhdl_spring2014/keyboard.bdf
    Info (12023): Found entity 1: keyboard
Info (12021): Found 2 design units, including 1 entities, in source file /documents/ece385/ece385/lab9_vga_vhdl_spring2014/keymap.vhd
    Info (12022): Found design unit 1: keyMap-Behavioral
    Info (12023): Found entity 1: keyMap
Info (12021): Found 2 design units, including 1 entities, in source file /documents/ece385/ece385/lab9_vga_vhdl_spring2014/keycapt.vhd
    Info (12022): Found design unit 1: keyCapture-Behavioral
    Info (12023): Found entity 1: keyCapture
Info (12021): Found 2 design units, including 1 entities, in source file /documents/ece385/ece385/lab9_vga_vhdl_spring2014/vga_controller.vhd
    Info (12022): Found design unit 1: vga_controller-Behavioral
    Info (12023): Found entity 1: vga_controller
Info (12021): Found 1 design units, including 1 entities, in source file 2048.bdf
    Info (12023): Found entity 1: 2048
Info (12021): Found 2 design units, including 1 entities, in source file gameboardh.vhd
    Info (12022): Found design unit 1: gameBoardH-behavioral
    Info (12023): Found entity 1: gameBoardH
Info (12021): Found 2 design units, including 1 entities, in source file newtile.vhd
    Info (12022): Found design unit 1: newTile-behavioral
    Info (12023): Found entity 1: newTile
Info (12021): Found 2 design units, including 1 entities, in source file keyinterface.vhd
    Info (12022): Found design unit 1: keyInterface-behavioral
    Info (12023): Found entity 1: keyInterface
Info (12021): Found 2 design units, including 1 entities, in source file gamelogic.vhd
    Info (12022): Found design unit 1: gameLogic-behavioral
    Info (12023): Found entity 1: gameLogic
Info (12127): Elaborating entity "2048" for the top level hierarchy
Warning (275009): Pin "moveAck" not connected
Warning (275008): Primitive "NOT" of instance "inst5" not used
Info (12128): Elaborating entity "keyboard" for hierarchy "keyboard:inst"
Info (12128): Elaborating entity "keyInterface" for hierarchy "keyboard:inst|keyInterface:inst1"
Info (12128): Elaborating entity "keyMap" for hierarchy "keyboard:inst|keyMap:inst3"
Warning (10492): VHDL Process Statement warning at keymap.vhd(28): signal "key" is read inside the Process Statement but isn't in the Process Statement's sensitivity list
Info (12128): Elaborating entity "clkDiv" for hierarchy "keyboard:inst|clkDiv:inst"
Info (12128): Elaborating entity "keyCapture" for hierarchy "keyboard:inst|keyCapture:ins3t"
Warning (10492): VHDL Process Statement warning at keyCapt.vhd(35): signal "keyRed" is read inside the Process Statement but isn't in the Process Statement's sensitivity list
Warning (10492): VHDL Process Statement warning at keyCapt.vhd(38): signal "keyAck" is read inside the Process Statement but isn't in the Process Statement's sensitivity list
Warning (10631): VHDL Process Statement warning at keyCapt.vhd(18): inferring latch(es) for signal or variable "keyReady", which holds its previous value in one or more paths through the process
Info (10041): Inferred latch for "keyReady" at keyCapt.vhd(18)
Info (12128): Elaborating entity "psclk" for hierarchy "keyboard:inst|psclk:inst2"
Info (12128): Elaborating entity "Dreg" for hierarchy "keyboard:inst|psclk:inst2|Dreg:reg1"
Info (12128): Elaborating entity "gameBoardH" for hierarchy "gameBoardH:inst8"
Warning (10445): VHDL Subtype or Type Declaration warning at gameBoardH.vhd(21): subtype or type has null range
Warning (10541): VHDL Signal Declaration warning at gameBoardH.vhd(13): used implicit default value for signal "needTile" because signal was never assigned a value or an explicit default value. Use of implicit default value may introduce unintended design optimizations.
Warning (10492): VHDL Process Statement warning at gameBoardH.vhd(37): signal "clk" is read inside the Process Statement but isn't in the Process Statement's sensitivity list
Warning (10631): VHDL Process Statement warning at gameBoardH.vhd(20): inferring latch(es) for signal or variable "ack", which holds its previous value in one or more paths through the process
Info (10041): Inferred latch for "ack" at gameBoardH.vhd(30)
Error (10822): HDL error at gameBoardH.vhd(37): couldn't implement registers for assignments on this clock edge File: E:/Documents/ECE385/ECE385/2048/gameBoardH.vhd Line: 37
Error (12152): Can't elaborate user hierarchy "gameBoardH:inst8"
Error: Quartus II 64-Bit Analysis & Synthesis was unsuccessful. 2 errors, 11 warnings
    Error: Peak virtual memory: 476 megabytes
    Error: Processing ended: Thu Apr 17 00:49:46 2014
    Error: Elapsed time: 00:00:01
    Error: Total CPU time (on all processors): 00:00:01


